<?xml version="1.0" encoding="UTF-8"?>
<testsuite xmlns:xsi="http://www.w3.org/2001/XMLSchema-instance" xsi:noNamespaceSchemaLocation="https://maven.apache.org/surefire/maven-surefire-plugin/xsd/surefire-test-report.xsd" version="3.0.2" name="com.example.poc.PocSpringPostgresApplicationTests" time="2.308" tests="1" errors="0" skipped="0" failures="0">
  <properties>
[...]
</properties>
  <testcase name="contextLoads" classname="com.example.poc.PocSpringPostgresApplicationTests" time="0.794">
    <system-out><![CDATA[12:23:45.592 [main] INFO org.springframework.boot.devtools.restart.RestartApplicationListener -- Restart disabled due to context in which it is running

  .   ____          _            __ _ _
 /\\ / ___'_ __ _ _(_)_ __  __ _ \ \ \ \
( ( )\___ | '_ | '_| | '_ \/ _` | \ \ \ \
 \\/  ___)| |_)| | | | | || (_| |  ) ) ) )
  '  |____| .__|_| |_|_| |_\__, | / / / /
 =========|_|==============|___/=/_/_/_/

 :: Spring Boot ::                (v3.4.3)

2025-03-25T12:23:46.164Z  INFO 192464 --- [           main] c.e.p.PocSpringPostgresApplicationTests  : Starting PocSpringPostgresApplicationTests using Java 17.0.14 with PID 192464 (started by codespace in /workspaces/transportation/transportation-codespace-stunning-space-meme-6r5x47jgxrw247v4)
2025-03-25T12:23:46.170Z  INFO 192464 --- [           main] c.e.p.PocSpringPostgresApplicationTests  : No active profile set, falling back to 1 default profile: "default"
2025-03-25T12:23:46.665Z  INFO 192464 --- [           main] c.e.p.PocSpringPostgresApplicationTests  : Started PocSpringPostgresApplicationTests in 1.089 seconds (process running for 2.222)
]]></system-out>
  </testcase>
</testsuite>